
> doof-backend@1.0.0 dev
> nodemon server.js

[33m[nodemon] 3.1.9[39m
[33m[nodemon] to restart at any time, enter `rs`[39m
[33m[nodemon] watching path(s): *.*[39m
[33m[nodemon] watching extensions: js,mjs,cjs,json[39m
[32m[nodemon] starting `node server.js`[39m
.env file loaded successfully from config.js. Path: /Users/naf/Downloads/doof/doof-backend/.env
[Config] JWT_SECRET loaded successfully.
Frontend URLs configured for CORS: [
  'http://localhost:5173',
  'http://localhost:5174',
  'http://127.0.0.1:5173',
  'http://127.0.0.1:5174'
]
Backend server running smoothly on port 5001
[DB Pool] Client connected.
[32m[DB] Successfully connected. DB Time: Thu May 15 2025 22:56:06 GMT-0400 (Eastern Daylight Time)[0m
node:events:496
      throw er; // Unhandled 'error' event
      ^

Error: read EIO
    at TTY.onStreamRead (node:internal/stream_base_commons:216:20)
Emitted 'error' event on ReadStream instance at:
    at emitErrorNT (node:internal/streams/destroy:170:8)
    at emitErrorCloseNT (node:internal/streams/destroy:129:3)
    at process.processTicksAndRejections (node:internal/process/task_queues:90:21) {
  errno: -5,
  code: 'EIO',
  syscall: 'read'
}

Node.js v22.14.0
